\BOOKMARK [1][-]{section.1}{Gii thiu chu }{}% 1
\BOOKMARK [1][-]{section.2}{Lich s h\354nh th\340nh v\340 ph\341t trin cua thng mai in t }{}% 2
\BOOKMARK [2][-]{subsection.2.1}{S h\354nh th\340nh thng mai in t}{section.2}% 3
\BOOKMARK [2][-]{subsection.2.2}{C\341c mc thi gian}{section.2}% 4
\BOOKMARK [2][-]{subsection.2.3}{Kh\341i nim thng mai in t}{section.2}% 5
\BOOKMARK [1][-]{section.3}{C\341c h\354nh thc thng mai in t}{}% 6
\BOOKMARK [2][-]{subsection.3.1}{Ph\342n loai theo i tng tham gia}{section.3}% 7
\BOOKMARK [2][-]{subsection.3.2}{Ph\342n loai theo phng tin}{section.3}% 8
\BOOKMARK [1][-]{section.4}{Khuynh hng to\340n cu}{}% 9
\BOOKMARK [2][-]{subsection.4.1}{Doanh thu t b\341n h\340ng qua mang se chim mt phn ln}{section.4}% 10
\BOOKMARK [2][-]{subsection.4.2}{Th\341ch thc t thng mai in t}{section.4}% 11
\BOOKMARK [2][-]{subsection.4.3}{Thng mai in t to\340n cu ang ph\341t trin manh}{section.4}% 12
\BOOKMARK [1][-]{section.5}{C\341c t\341c ng cua thng mai in t}{}% 13
\BOOKMARK [2][-]{subsection.5.1}{T\341c ng n thi trng v\340 ngi b\341n le}{section.5}% 14
\BOOKMARK [2][-]{subsection.5.2}{T\341c ng n chui cung ng}{section.5}% 15
\BOOKMARK [2][-]{subsection.5.3}{T\341c ng n vic l\340m}{section.5}% 16
\BOOKMARK [1][-]{section.6}{T\354nh h\354nh thng mai hin nay}{}% 17
\BOOKMARK [2][-]{subsection.6.1}{T\354nh h\354nh thng mai in t trong m\371a covid hin nay}{section.6}% 18
\BOOKMARK [1][-]{section.7}{An ninh trong thng mai in t}{}% 19
\BOOKMARK [2][-]{subsection.7.1}{Vn }{section.7}% 20
\BOOKMARK [2][-]{subsection.7.2}{An ninh thng mai in t}{section.7}% 21
\BOOKMARK [3][-]{subsubsection.7.2.1}{Nhng quan t\342m v vn \040an ninh thng mai in t}{subsection.7.2}% 22
\BOOKMARK [3][-]{subsubsection.7.2.2}{C\341c kh\355a canh cua an ninh thng mai in t}{subsection.7.2}% 23
\BOOKMARK [3][-]{subsubsection.7.2.3}{Nhng nguy c e doa an ninh thng mai in t}{subsection.7.2}% 24
\BOOKMARK [3][-]{subsubsection.7.2.4}{Mt s giai ph\341p c\364ng ngh am bao an ninh thng mai in t}{subsection.7.2}% 25
\BOOKMARK [1][-]{section.8}{Kt lun}{}% 26
